#
# A fatal error has been detected by the Java Runtime Environment:
#
#  EXCEPTION_ACCESS_VIOLATION (0xc0000005) at pc=0x00007fff52fe363b, pid=2116, tid=14732
#
# JRE version: OpenJDK Runtime Environment Temurin-17.0.1+12 (17.0.1+12) (build 17.0.1+12)
# Java VM: OpenJDK 64-Bit Server VM Temurin-17.0.1+12 (17.0.1+12, mixed mode, tiered, compressed oops, compressed class ptrs, g1 gc, windows-amd64)
# Problematic frame:
# V  [jvm.dll+0x65363b]
#
# No core dump will be written. Minidumps are not enabled by default on client versions of Windows
#
# If you would like to submit a bug report, please visit:
#   https://github.com/adoptium/adoptium-support/issues
#

---------------  S U M M A R Y ------------

Command Line: -Dfile.encoding=Cp1252 --module-path=C:\FullStack_Java\WorkSpace\Primer_proyecto\bin -XX:+ShowCodeDetailsInExceptionMessages -Djdk.module.main=Primer_proyecto Primer_proyecto/com.td.desafio.latam.CuentaRegresiva

Host: AMD Ryzen 5 3400G with Radeon Vega Graphics    , 8 cores, 13G,  Windows 10 , 64 bit Build 19041 (10.0.19041.1348)
Time: Mon Dec  6 16:22:02 2021 Hora verano Sudamérica Pacífico elapsed time: 2.061501 seconds (0d 0h 0m 2s)

---------------  T H R E A D  ---------------

Current thread (0x0000021fd00349c0):  JavaThread "C2 CompilerThread0" daemon [_thread_in_native, id=14732, stack(0x000000e23c800000,0x000000e23c900000)]


Current CompileTask:
C2:   2061  253   !   4       com.td.desafio.latam.CuentaRegresiva::main (98 bytes)

Stack: [0x000000e23c800000,0x000000e23c900000],  sp=0x000000e23c8fa970,  free space=1002k
Native frames: (J=compiled Java code, j=interpreted, Vv=VM code, C=native code)
V  [jvm.dll+0x65363b]
V  [jvm.dll+0x569e2c]
V  [jvm.dll+0x57de70]
V  [jvm.dll+0x57f5f5]
V  [jvm.dll+0x57bce9]
V  [jvm.dll+0x22022d]
V  [jvm.dll+0x2199e1]
V  [jvm.dll+0x217345]
V  [jvm.dll+0x1a355d]
V  [jvm.dll+0x226e38]
V  [jvm.dll+0x224f7c]
V  [jvm.dll+0x7e3f5b]
V  [jvm.dll+0x7de51a]
V  [jvm.dll+0x673305]
C  [ucrtbase.dll+0x21bb2]
C  [KERNEL32.DLL+0x17034]
C  [ntdll.dll+0x52651]


siginfo: EXCEPTION_ACCESS_VIOLATION (0xc0000005), reading address 0x0000000000000020


Register to memory mapping:

RIP=0x00007fff52fe363b jvm.dll
RAX=0x0 is NULL
RBX=0x0 is NULL
RCX=0x0 is NULL
RDX=0x0000000000000001 is an unknown value
RSP=0x000000e23c8fa970 is pointing into the stack for thread: 0x0000021fd00349c0
RBP=0x0 is NULL
RSI=0x0 is NULL
RDI=0x0000021fd026d450 points into unknown readable memory: 0x00007fff532a1a30 | 30 1a 2a 53 ff 7f 00 00
R8 =0x0000021fd026d450 points into unknown readable memory: 0x00007fff532a1a30 | 30 1a 2a 53 ff 7f 00 00
R9 =0x0000021fd026d438 points into unknown readable memory: 0x0000021fd026d450 | 50 d4 26 d0 1f 02 00 00
R10=0xfefefefefefefeff is an unknown value
R11=0x0000021fd04e5f10 points into unknown readable memory: 0x0000021fd026d6c8 | c8 d6 26 d0 1f 02 00 00
R12=0x0000000000000001 is an unknown value
R13=0x0000021fd026db08 points into unknown readable memory: 0x00007fff532b6a08 | 08 6a 2b 53 ff 7f 00 00
R14=0x000000e23c8fae20 is pointing into the stack for thread: 0x0000021fd00349c0
R15=0x0 is NULL


Registers:
RAX=0x0000000000000000, RBX=0x0000000000000000, RCX=0x0000000000000000, RDX=0x0000000000000001
RSP=0x000000e23c8fa970, RBP=0x0000000000000000, RSI=0x0000000000000000, RDI=0x0000021fd026d450
R8 =0x0000021fd026d450, R9 =0x0000021fd026d438, R10=0xfefefefefefefeff, R11=0x0000021fd04e5f10
R12=0x0000000000000001, R13=0x0000021fd026db08, R14=0x000000e23c8fae20, R15=0x0000000000000000
RIP=0x00007fff52fe363b, EFLAGS=0x0000000000010246

Top of Stack: (sp=0x000000e23c8fa970)
0x000000e23c8fa970:   0000021fd026d6c8 00007fff52fe1e0c
0x000000e23c8fa980:   0000000000000040 000000000000000d
0x000000e23c8fa990:   0000021fd026d450 00007fff52ef9e2c
0x000000e23c8fa9a0:   000000e23c8faa40 0000021fd026d378
0x000000e23c8fa9b0:   000000e23c8faa40 00007fff52a32ef6
0x000000e23c8fa9c0:   0000000000000000 0000000000018300
0x000000e23c8fa9d0:   0000021fb1c4dc60 0000021fd026dea8
0x000000e23c8fa9e0:   0000021fd04a59a0 00007fff52f0de70
0x000000e23c8fa9f0:   000000e23c8fae20 000000e23c8faa40
0x000000e23c8faa00:   000000e23c8fae20 0000021fd026dea8
0x000000e23c8faa10:   0000021fd004e3b8 00007fff52f0f5f5
0x000000e23c8faa20:   0000000000000001 0000000000000000
0x000000e23c8faa30:   000000e23c8faba0 0000021fd0418c00
0x000000e23c8faa40:   0000021fd002fff0 00007fff00000010
0x000000e23c8faa50:   0000021fd04e5ed0 0000000000000009
0x000000e23c8faa60:   0000021f00000020 0000021fd04e5e50 

Instructions: (pc=0x00007fff52fe363b)
0x00007fff52fe353b:   f8 75 f6 ff c9 41 89 4a 20 48 8b 14 ca 48 89 10
0x00007fff52fe354b:   41 8b d3 49 8b c9 e9 aa d8 ff ff c3 cc cc cc cc
0x00007fff52fe355b:   cc cc cc cc cc 48 89 5c 24 08 57 48 83 ec 20 65
0x00007fff52fe356b:   48 8b 04 25 58 00 00 00 48 8b d9 8b 15 bc 4b 55
0x00007fff52fe357b:   00 48 8b 3c d0 b8 48 00 00 00 80 3c 38 00 75 05
0x00007fff52fe358b:   e8 4c 61 23 00 b8 18 00 00 00 48 8b 04 38 48 8b
0x00007fff52fe359b:   88 d0 04 00 00 48 8b 81 80 00 00 00 48 3b 98 d0
0x00007fff52fe35ab:   02 00 00 75 15 33 c0 48 89 43 20 48 89 43 10 48
0x00007fff52fe35bb:   8b 5c 24 30 48 83 c4 20 5f c3 48 83 7b 10 00 75
0x00007fff52fe35cb:   08 48 c7 43 10 ff ff ff ff 48 8b 5c 24 30 48 83
0x00007fff52fe35db:   c4 20 5f c3 cc 8b 41 2c 83 e0 1f 3c 14 75 2d 66
0x00007fff52fe35eb:   0f 1f 44 00 00 83 79 18 02 75 21 8b 41 2c 83 e0
0x00007fff52fe35fb:   1f 3c 14 75 17 84 d2 74 06 83 79 40 00 75 0d 48
0x00007fff52fe360b:   8b 41 08 48 8b 48 08 48 85 c9 75 d9 48 8b c1 c3
0x00007fff52fe361b:   cc cc cc cc cc 48 89 5c 24 08 48 89 6c 24 10 48
0x00007fff52fe362b:   89 74 24 18 57 48 83 ec 20 33 ed 48 8b f1 8b dd
0x00007fff52fe363b:   39 59 20 76 2b 48 8b 46 10 8b d3 48 8b 3c d0 48
0x00007fff52fe364b:   8b cf 48 8b 07 ff 50 10 84 c0 74 0d 48 3b fe 74
0x00007fff52fe365b:   08 48 85 ed 75 22 48 8b ef ff c3 3b 5e 20 72 d5
0x00007fff52fe366b:   48 8b c5 48 8b 5c 24 30 48 8b 6c 24 38 48 8b 74
0x00007fff52fe367b:   24 40 48 83 c4 20 5f c3 33 c0 eb e7 cc cc cc cc
0x00007fff52fe368b:   cc cc cc cc cc 44 8b 49 18 33 c0 45 85 c9 74 25
0x00007fff52fe369b:   4c 8b 51 10 90 44 8b c0 49 39 14 c2 74 08 ff c0
0x00007fff52fe36ab:   41 3b c1 72 f0 c3 41 8d 41 ff 89 41 18 49 8b 0c
0x00007fff52fe36bb:   c2 4b 89 0c c2 c3 cc cc cc cc cc cc cc cc cc cc
0x00007fff52fe36cb:   cc cc cc cc cc b8 02 00 00 00 f0 0f c1 05 2b ad
0x00007fff52fe36db:   52 00 83 c0 02 89 01 48 8b 05 17 ad 52 00 48 89
0x00007fff52fe36eb:   41 08 48 8b c1 c3 cc cc cc cc cc cc cc cc cc cc
0x00007fff52fe36fb:   cc cc cc cc cc 40 53 48 83 ec 20 48 8b d9 e8 92
0x00007fff52fe370b:   a1 18 00 33 c9 c7 83 90 02 00 00 ff ff ff ff 48
0x00007fff52fe371b:   8d 05 97 ce 34 00 48 89 8b 80 02 00 00 48 89 03
0x00007fff52fe372b:   48 8d 05 6e cf 34 00 48 89 03 48 8b c3 48 89 8b 


Stack slot to memory mapping:
stack at sp + 0 slots: 0x0000021fd026d6c8 points into unknown readable memory: 0x00007fff532eaff8 | f8 af 2e 53 ff 7f 00 00
stack at sp + 1 slots: 0x00007fff52fe1e0c jvm.dll
stack at sp + 2 slots: 0x0000000000000040 is an unknown value
stack at sp + 3 slots: 0x000000000000000d is an unknown value
stack at sp + 4 slots: 0x0000021fd026d450 points into unknown readable memory: 0x00007fff532a1a30 | 30 1a 2a 53 ff 7f 00 00
stack at sp + 5 slots: 0x00007fff52ef9e2c jvm.dll
stack at sp + 6 slots: 0x000000e23c8faa40 is pointing into the stack for thread: 0x0000021fd00349c0
stack at sp + 7 slots: 0x0000021fd026d378 points into unknown readable memory: 0x00007fff532a17b8 | b8 17 2a 53 ff 7f 00 00


---------------  P R O C E S S  ---------------

Threads class SMR info:
_java_thread_list=0x0000021fd029af80, length=12, elements={
0x0000021fb1c4cd40, 0x0000021fcf4f83e0, 0x0000021fd0001310, 0x0000021fd00390e0,
0x0000021fd00399a0, 0x0000021fd003aa00, 0x0000021fd0033dd0, 0x0000021fd00349c0,
0x0000021fd00429f0, 0x0000021fd004bac0, 0x0000021fd006a0a0, 0x0000021fd02b6a30
}

Java Threads: ( => current thread )
  0x0000021fb1c4cd40 JavaThread "main" [_thread_in_Java, id=20604, stack(0x000000e23bb00000,0x000000e23bc00000)]
  0x0000021fcf4f83e0 JavaThread "Reference Handler" daemon [_thread_blocked, id=14972, stack(0x000000e23c200000,0x000000e23c300000)]
  0x0000021fd0001310 JavaThread "Finalizer" daemon [_thread_blocked, id=16052, stack(0x000000e23c300000,0x000000e23c400000)]
  0x0000021fd00390e0 JavaThread "Signal Dispatcher" daemon [_thread_blocked, id=12816, stack(0x000000e23c400000,0x000000e23c500000)]
  0x0000021fd00399a0 JavaThread "Attach Listener" daemon [_thread_blocked, id=18696, stack(0x000000e23c500000,0x000000e23c600000)]
  0x0000021fd003aa00 JavaThread "Service Thread" daemon [_thread_blocked, id=19044, stack(0x000000e23c600000,0x000000e23c700000)]
  0x0000021fd0033dd0 JavaThread "Monitor Deflation Thread" daemon [_thread_blocked, id=10268, stack(0x000000e23c700000,0x000000e23c800000)]
=>0x0000021fd00349c0 JavaThread "C2 CompilerThread0" daemon [_thread_in_native, id=14732, stack(0x000000e23c800000,0x000000e23c900000)]
  0x0000021fd00429f0 JavaThread "C1 CompilerThread0" daemon [_thread_blocked, id=15144, stack(0x000000e23c900000,0x000000e23ca00000)]
  0x0000021fd004bac0 JavaThread "Sweeper thread" daemon [_thread_blocked, id=14496, stack(0x000000e23ca00000,0x000000e23cb00000)]
  0x0000021fd006a0a0 JavaThread "Common-Cleaner" daemon [_thread_blocked, id=1092, stack(0x000000e23cb00000,0x000000e23cc00000)]
  0x0000021fd02b6a30 JavaThread "Notification Thread" daemon [_thread_blocked, id=14112, stack(0x000000e23cc00000,0x000000e23cd00000)]

Other Threads:
  0x0000021fcf4bdbe0 VMThread "VM Thread" [stack: 0x000000e23c100000,0x000000e23c200000] [id=3160]
  0x0000021fb1d2e820 WatcherThread [stack: 0x000000e23cd00000,0x000000e23ce00000] [id=14516]
  0x0000021fb1c94d10 GCTaskThread "GC Thread#0" [stack: 0x000000e23bc00000,0x000000e23bd00000] [id=13488]
  0x0000021fb1ca6690 ConcurrentGCThread "G1 Main Marker" [stack: 0x000000e23bd00000,0x000000e23be00000] [id=21828]
  0x0000021fb1ca70a0 ConcurrentGCThread "G1 Conc#0" [stack: 0x000000e23be00000,0x000000e23bf00000] [id=5964]
  0x0000021fcf3424b0 ConcurrentGCThread "G1 Refine#0" [stack: 0x000000e23bf00000,0x000000e23c000000] [id=2556]
  0x0000021fb1d1b700 ConcurrentGCThread "G1 Service" [stack: 0x000000e23c000000,0x000000e23c100000] [id=20140]

Threads with active compile tasks:
C2 CompilerThread0     2094  253   !   4       com.td.desafio.latam.CuentaRegresiva::main (98 bytes)

VM state: not at safepoint (normal execution)

VM Mutex/Monitor currently owned by a thread: None

Heap address: 0x0000000721800000, size: 3560 MB, Compressed Oops mode: Zero based, Oop shift amount: 3

CDS archive(s) not mapped
Compressed class space mapped at: 0x0000000800000000-0x0000000840000000, reserved size: 1073741824
Narrow klass base: 0x0000000800000000, Narrow klass shift: 0, Narrow klass range: 0x40000000

GC Precious Log:
 CPUs: 8 total, 8 available
 Memory: 14235M
 Large Page Support: Disabled
 NUMA Support: Disabled
 Compressed Oops: Enabled (Zero based)
 Heap Region Size: 2M
 Heap Min Capacity: 8M
 Heap Initial Capacity: 224M
 Heap Max Capacity: 3560M
 Pre-touch: Disabled
 Parallel Workers: 8
 Concurrent Workers: 2
 Concurrent Refinement Workers: 8
 Periodic GC: Disabled

Heap:
 garbage-first heap   total 229376K, used 2048K [0x0000000721800000, 0x0000000800000000)
  region size 2048K, 2 young (4096K), 0 survivors (0K)
 Metaspace       used 7478K, committed 7680K, reserved 1056768K
  class space    used 664K, committed 768K, reserved 1048576K

Heap Regions: E=young(eden), S=young(survivor), O=old, HS=humongous(starts), HC=humongous(continues), CS=collection set, F=free, OA=open archive, CA=closed archive, TAMS=top-at-mark-start (previous, next)
|   0|0x0000000721800000, 0x0000000721800000, 0x0000000721a00000|  0%| F|  |TAMS 0x0000000721800000, 0x0000000721800000| Untracked 
|   1|0x0000000721a00000, 0x0000000721a00000, 0x0000000721c00000|  0%| F|  |TAMS 0x0000000721a00000, 0x0000000721a00000| Untracked 
|   2|0x0000000721c00000, 0x0000000721c00000, 0x0000000721e00000|  0%| F|  |TAMS 0x0000000721c00000, 0x0000000721c00000| Untracked 
|   3|0x0000000721e00000, 0x0000000721e00000, 0x0000000722000000|  0%| F|  |TAMS 0x0000000721e00000, 0x0000000721e00000| Untracked 
|   4|0x0000000722000000, 0x0000000722000000, 0x0000000722200000|  0%| F|  |TAMS 0x0000000722000000, 0x0000000722000000| Untracked 
|   5|0x0000000722200000, 0x0000000722200000, 0x0000000722400000|  0%| F|  |TAMS 0x0000000722200000, 0x0000000722200000| Untracked 
|   6|0x0000000722400000, 0x0000000722400000, 0x0000000722600000|  0%| F|  |TAMS 0x0000000722400000, 0x0000000722400000| Untracked 
|   7|0x0000000722600000, 0x0000000722600000, 0x0000000722800000|  0%| F|  |TAMS 0x0000000722600000, 0x0000000722600000| Untracked 
|   8|0x0000000722800000, 0x0000000722800000, 0x0000000722a00000|  0%| F|  |TAMS 0x0000000722800000, 0x0000000722800000| Untracked 
|   9|0x0000000722a00000, 0x0000000722a00000, 0x0000000722c00000|  0%| F|  |TAMS 0x0000000722a00000, 0x0000000722a00000| Untracked 
|  10|0x0000000722c00000, 0x0000000722c00000, 0x0000000722e00000|  0%| F|  |TAMS 0x0000000722c00000, 0x0000000722c00000| Untracked 
|  11|0x0000000722e00000, 0x0000000722e00000, 0x0000000723000000|  0%| F|  |TAMS 0x0000000722e00000, 0x0000000722e00000| Untracked 
|  12|0x0000000723000000, 0x0000000723000000, 0x0000000723200000|  0%| F|  |TAMS 0x0000000723000000, 0x0000000723000000| Untracked 
|  13|0x0000000723200000, 0x0000000723200000, 0x0000000723400000|  0%| F|  |TAMS 0x0000000723200000, 0x0000000723200000| Untracked 
|  14|0x0000000723400000, 0x0000000723400000, 0x0000000723600000|  0%| F|  |TAMS 0x0000000723400000, 0x0000000723400000| Untracked 
|  15|0x0000000723600000, 0x0000000723600000, 0x0000000723800000|  0%| F|  |TAMS 0x0000000723600000, 0x0000000723600000| Untracked 
|  16|0x0000000723800000, 0x0000000723800000, 0x0000000723a00000|  0%| F|  |TAMS 0x0000000723800000, 0x0000000723800000| Untracked 
|  17|0x0000000723a00000, 0x0000000723a00000, 0x0000000723c00000|  0%| F|  |TAMS 0x0000000723a00000, 0x0000000723a00000| Untracked 
|  18|0x0000000723c00000, 0x0000000723c00000, 0x0000000723e00000|  0%| F|  |TAMS 0x0000000723c00000, 0x0000000723c00000| Untracked 
|  19|0x0000000723e00000, 0x0000000723e00000, 0x0000000724000000|  0%| F|  |TAMS 0x0000000723e00000, 0x0000000723e00000| Untracked 
|  20|0x0000000724000000, 0x0000000724000000, 0x0000000724200000|  0%| F|  |TAMS 0x0000000724000000, 0x0000000724000000| Untracked 
|  21|0x0000000724200000, 0x0000000724200000, 0x0000000724400000|  0%| F|  |TAMS 0x0000000724200000, 0x0000000724200000| Untracked 
|  22|0x0000000724400000, 0x0000000724400000, 0x0000000724600000|  0%| F|  |TAMS 0x0000000724400000, 0x0000000724400000| Untracked 
|  23|0x0000000724600000, 0x0000000724600000, 0x0000000724800000|  0%| F|  |TAMS 0x0000000724600000, 0x0000000724600000| Untracked 
|  24|0x0000000724800000, 0x0000000724800000, 0x0000000724a00000|  0%| F|  |TAMS 0x0000000724800000, 0x0000000724800000| Untracked 
|  25|0x0000000724a00000, 0x0000000724a00000, 0x0000000724c00000|  0%| F|  |TAMS 0x0000000724a00000, 0x0000000724a00000| Untracked 
|  26|0x0000000724c00000, 0x0000000724c00000, 0x0000000724e00000|  0%| F|  |TAMS 0x0000000724c00000, 0x0000000724c00000| Untracked 
|  27|0x0000000724e00000, 0x0000000724e00000, 0x0000000725000000|  0%| F|  |TAMS 0x0000000724e00000, 0x0000000724e00000| Untracked 
|  28|0x0000000725000000, 0x0000000725000000, 0x0000000725200000|  0%| F|  |TAMS 0x0000000725000000, 0x0000000725000000| Untracked 
|  29|0x0000000725200000, 0x0000000725200000, 0x0000000725400000|  0%| F|  |TAMS 0x0000000725200000, 0x0000000725200000| Untracked 
|  30|0x0000000725400000, 0x0000000725400000, 0x0000000725600000|  0%| F|  |TAMS 0x0000000725400000, 0x0000000725400000| Untracked 
|  31|0x0000000725600000, 0x0000000725600000, 0x0000000725800000|  0%| F|  |TAMS 0x0000000725600000, 0x0000000725600000| Untracked 
|  32|0x0000000725800000, 0x0000000725800000, 0x0000000725a00000|  0%| F|  |TAMS 0x0000000725800000, 0x0000000725800000| Untracked 
|  33|0x0000000725a00000, 0x0000000725a00000, 0x0000000725c00000|  0%| F|  |TAMS 0x0000000725a00000, 0x0000000725a00000| Untracked 
|  34|0x0000000725c00000, 0x0000000725c00000, 0x0000000725e00000|  0%| F|  |TAMS 0x0000000725c00000, 0x0000000725c00000| Untracked 
|  35|0x0000000725e00000, 0x0000000725e00000, 0x0000000726000000|  0%| F|  |TAMS 0x0000000725e00000, 0x0000000725e00000| Untracked 
|  36|0x0000000726000000, 0x0000000726000000, 0x0000000726200000|  0%| F|  |TAMS 0x0000000726000000, 0x0000000726000000| Untracked 
|  37|0x0000000726200000, 0x0000000726200000, 0x0000000726400000|  0%| F|  |TAMS 0x0000000726200000, 0x0000000726200000| Untracked 
|  38|0x0000000726400000, 0x0000000726400000, 0x0000000726600000|  0%| F|  |TAMS 0x0000000726400000, 0x0000000726400000| Untracked 
|  39|0x0000000726600000, 0x0000000726600000, 0x0000000726800000|  0%| F|  |TAMS 0x0000000726600000, 0x0000000726600000| Untracked 
|  40|0x0000000726800000, 0x0000000726800000, 0x0000000726a00000|  0%| F|  |TAMS 0x0000000726800000, 0x0000000726800000| Untracked 
|  41|0x0000000726a00000, 0x0000000726a00000, 0x0000000726c00000|  0%| F|  |TAMS 0x0000000726a00000, 0x0000000726a00000| Untracked 
|  42|0x0000000726c00000, 0x0000000726c00000, 0x0000000726e00000|  0%| F|  |TAMS 0x0000000726c00000, 0x0000000726c00000| Untracked 
|  43|0x0000000726e00000, 0x0000000726e00000, 0x0000000727000000|  0%| F|  |TAMS 0x0000000726e00000, 0x0000000726e00000| Untracked 
|  44|0x0000000727000000, 0x0000000727000000, 0x0000000727200000|  0%| F|  |TAMS 0x0000000727000000, 0x0000000727000000| Untracked 
|  45|0x0000000727200000, 0x0000000727200000, 0x0000000727400000|  0%| F|  |TAMS 0x0000000727200000, 0x0000000727200000| Untracked 
|  46|0x0000000727400000, 0x0000000727400000, 0x0000000727600000|  0%| F|  |TAMS 0x0000000727400000, 0x0000000727400000| Untracked 
|  47|0x0000000727600000, 0x0000000727600000, 0x0000000727800000|  0%| F|  |TAMS 0x0000000727600000, 0x0000000727600000| Untracked 
|  48|0x0000000727800000, 0x0000000727800000, 0x0000000727a00000|  0%| F|  |TAMS 0x0000000727800000, 0x0000000727800000| Untracked 
|  49|0x0000000727a00000, 0x0000000727a00000, 0x0000000727c00000|  0%| F|  |TAMS 0x0000000727a00000, 0x0000000727a00000| Untracked 
|  50|0x0000000727c00000, 0x0000000727c00000, 0x0000000727e00000|  0%| F|  |TAMS 0x0000000727c00000, 0x0000000727c00000| Untracked 
|  51|0x0000000727e00000, 0x0000000727e00000, 0x0000000728000000|  0%| F|  |TAMS 0x0000000727e00000, 0x0000000727e00000| Untracked 
|  52|0x0000000728000000, 0x0000000728000000, 0x0000000728200000|  0%| F|  |TAMS 0x0000000728000000, 0x0000000728000000| Untracked 
|  53|0x0000000728200000, 0x0000000728200000, 0x0000000728400000|  0%| F|  |TAMS 0x0000000728200000, 0x0000000728200000| Untracked 
|  54|0x0000000728400000, 0x0000000728400000, 0x0000000728600000|  0%| F|  |TAMS 0x0000000728400000, 0x0000000728400000| Untracked 
|  55|0x0000000728600000, 0x0000000728600000, 0x0000000728800000|  0%| F|  |TAMS 0x0000000728600000, 0x0000000728600000| Untracked 
|  56|0x0000000728800000, 0x0000000728800000, 0x0000000728a00000|  0%| F|  |TAMS 0x0000000728800000, 0x0000000728800000| Untracked 
|  57|0x0000000728a00000, 0x0000000728a00000, 0x0000000728c00000|  0%| F|  |TAMS 0x0000000728a00000, 0x0000000728a00000| Untracked 
|  58|0x0000000728c00000, 0x0000000728c00000, 0x0000000728e00000|  0%| F|  |TAMS 0x0000000728c00000, 0x0000000728c00000| Untracked 
|  59|0x0000000728e00000, 0x0000000728e00000, 0x0000000729000000|  0%| F|  |TAMS 0x0000000728e00000, 0x0000000728e00000| Untracked 
|  60|0x0000000729000000, 0x0000000729000000, 0x0000000729200000|  0%| F|  |TAMS 0x0000000729000000, 0x0000000729000000| Untracked 
|  61|0x0000000729200000, 0x0000000729200000, 0x0000000729400000|  0%| F|  |TAMS 0x0000000729200000, 0x0000000729200000| Untracked 
|  62|0x0000000729400000, 0x0000000729400000, 0x0000000729600000|  0%| F|  |TAMS 0x0000000729400000, 0x0000000729400000| Untracked 
|  63|0x0000000729600000, 0x0000000729600000, 0x0000000729800000|  0%| F|  |TAMS 0x0000000729600000, 0x0000000729600000| Untracked 
|  64|0x0000000729800000, 0x0000000729800000, 0x0000000729a00000|  0%| F|  |TAMS 0x0000000729800000, 0x0000000729800000| Untracked 
|  65|0x0000000729a00000, 0x0000000729a00000, 0x0000000729c00000|  0%| F|  |TAMS 0x0000000729a00000, 0x0000000729a00000| Untracked 
|  66|0x0000000729c00000, 0x0000000729c00000, 0x0000000729e00000|  0%| F|  |TAMS 0x0000000729c00000, 0x0000000729c00000| Untracked 
|  67|0x0000000729e00000, 0x0000000729e00000, 0x000000072a000000|  0%| F|  |TAMS 0x0000000729e00000, 0x0000000729e00000| Untracked 
|  68|0x000000072a000000, 0x000000072a000000, 0x000000072a200000|  0%| F|  |TAMS 0x000000072a000000, 0x000000072a000000| Untracked 
|  69|0x000000072a200000, 0x000000072a200000, 0x000000072a400000|  0%| F|  |TAMS 0x000000072a200000, 0x000000072a200000| Untracked 
|  70|0x000000072a400000, 0x000000072a400000, 0x000000072a600000|  0%| F|  |TAMS 0x000000072a400000, 0x000000072a400000| Untracked 
|  71|0x000000072a600000, 0x000000072a600000, 0x000000072a800000|  0%| F|  |TAMS 0x000000072a600000, 0x000000072a600000| Untracked 
|  72|0x000000072a800000, 0x000000072a800000, 0x000000072aa00000|  0%| F|  |TAMS 0x000000072a800000, 0x000000072a800000| Untracked 
|  73|0x000000072aa00000, 0x000000072aa00000, 0x000000072ac00000|  0%| F|  |TAMS 0x000000072aa00000, 0x000000072aa00000| Untracked 
|  74|0x000000072ac00000, 0x000000072ac00000, 0x000000072ae00000|  0%| F|  |TAMS 0x000000072ac00000, 0x000000072ac00000| Untracked 
|  75|0x000000072ae00000, 0x000000072ae00000, 0x000000072b000000|  0%| F|  |TAMS 0x000000072ae00000, 0x000000072ae00000| Untracked 
|  76|0x000000072b000000, 0x000000072b000000, 0x000000072b200000|  0%| F|  |TAMS 0x000000072b000000, 0x000000072b000000| Untracked 
|  77|0x000000072b200000, 0x000000072b200000, 0x000000072b400000|  0%| F|  |TAMS 0x000000072b200000, 0x000000072b200000| Untracked 
|  78|0x000000072b400000, 0x000000072b400000, 0x000000072b600000|  0%| F|  |TAMS 0x000000072b400000, 0x000000072b400000| Untracked 
|  79|0x000000072b600000, 0x000000072b600000, 0x000000072b800000|  0%| F|  |TAMS 0x000000072b600000, 0x000000072b600000| Untracked 
|  80|0x000000072b800000, 0x000000072b800000, 0x000000072ba00000|  0%| F|  |TAMS 0x000000072b800000, 0x000000072b800000| Untracked 
|  81|0x000000072ba00000, 0x000000072ba00000, 0x000000072bc00000|  0%| F|  |TAMS 0x000000072ba00000, 0x000000072ba00000| Untracked 
|  82|0x000000072bc00000, 0x000000072bc00000, 0x000000072be00000|  0%| F|  |TAMS 0x000000072bc00000, 0x000000072bc00000| Untracked 
|  83|0x000000072be00000, 0x000000072be00000, 0x000000072c000000|  0%| F|  |TAMS 0x000000072be00000, 0x000000072be00000| Untracked 
|  84|0x000000072c000000, 0x000000072c000000, 0x000000072c200000|  0%| F|  |TAMS 0x000000072c000000, 0x000000072c000000| Untracked 
|  85|0x000000072c200000, 0x000000072c200000, 0x000000072c400000|  0%| F|  |TAMS 0x000000072c200000, 0x000000072c200000| Untracked 
|  86|0x000000072c400000, 0x000000072c400000, 0x000000072c600000|  0%| F|  |TAMS 0x000000072c400000, 0x000000072c400000| Untracked 
|  87|0x000000072c600000, 0x000000072c600000, 0x000000072c800000|  0%| F|  |TAMS 0x000000072c600000, 0x000000072c600000| Untracked 
|  88|0x000000072c800000, 0x000000072c800000, 0x000000072ca00000|  0%| F|  |TAMS 0x000000072c800000, 0x000000072c800000| Untracked 
|  89|0x000000072ca00000, 0x000000072ca00000, 0x000000072cc00000|  0%| F|  |TAMS 0x000000072ca00000, 0x000000072ca00000| Untracked 
|  90|0x000000072cc00000, 0x000000072cc00000, 0x000000072ce00000|  0%| F|  |TAMS 0x000000072cc00000, 0x000000072cc00000| Untracked 
|  91|0x000000072ce00000, 0x000000072ce00000, 0x000000072d000000|  0%| F|  |TAMS 0x000000072ce00000, 0x000000072ce00000| Untracked 
|  92|0x000000072d000000, 0x000000072d000000, 0x000000072d200000|  0%| F|  |TAMS 0x000000072d000000, 0x000000072d000000| Untracked 
|  93|0x000000072d200000, 0x000000072d200000, 0x000000072d400000|  0%| F|  |TAMS 0x000000072d200000, 0x000000072d200000| Untracked 
|  94|0x000000072d400000, 0x000000072d400000, 0x000000072d600000|  0%| F|  |TAMS 0x000000072d400000, 0x000000072d400000| Untracked 
|  95|0x000000072d600000, 0x000000072d600000, 0x000000072d800000|  0%| F|  |TAMS 0x000000072d600000, 0x000000072d600000| Untracked 
|  96|0x000000072d800000, 0x000000072d800000, 0x000000072da00000|  0%| F|  |TAMS 0x000000072d800000, 0x000000072d800000| Untracked 
|  97|0x000000072da00000, 0x000000072da00000, 0x000000072dc00000|  0%| F|  |TAMS 0x000000072da00000, 0x000000072da00000| Untracked 
|  98|0x000000072dc00000, 0x000000072dc00000, 0x000000072de00000|  0%| F|  |TAMS 0x000000072dc00000, 0x000000072dc00000| Untracked 
|  99|0x000000072de00000, 0x000000072de00000, 0x000000072e000000|  0%| F|  |TAMS 0x000000072de00000, 0x000000072de00000| Untracked 
| 100|0x000000072e000000, 0x000000072e000000, 0x000000072e200000|  0%| F|  |TAMS 0x000000072e000000, 0x000000072e000000| Untracked 
| 101|0x000000072e200000, 0x000000072e200000, 0x000000072e400000|  0%| F|  |TAMS 0x000000072e200000, 0x000000072e200000| Untracked 
| 102|0x000000072e400000, 0x000000072e400000, 0x000000072e600000|  0%| F|  |TAMS 0x000000072e400000, 0x000000072e400000| Untracked 
| 103|0x000000072e600000, 0x000000072e600000, 0x000000072e800000|  0%| F|  |TAMS 0x000000072e600000, 0x000000072e600000| Untracked 
| 104|0x000000072e800000, 0x000000072e800000, 0x000000072ea00000|  0%| F|  |TAMS 0x000000072e800000, 0x000000072e800000| Untracked 
| 105|0x000000072ea00000, 0x000000072ea00000, 0x000000072ec00000|  0%| F|  |TAMS 0x000000072ea00000, 0x000000072ea00000| Untracked 
| 106|0x000000072ec00000, 0x000000072ec00000, 0x000000072ee00000|  0%| F|  |TAMS 0x000000072ec00000, 0x000000072ec00000| Untracked 
| 107|0x000000072ee00000, 0x000000072ee00000, 0x000000072f000000|  0%| F|  |TAMS 0x000000072ee00000, 0x000000072ee00000| Untracked 
| 108|0x000000072f000000, 0x000000072f000000, 0x000000072f200000|  0%| F|  |TAMS 0x000000072f000000, 0x000000072f000000| Untracked 
| 109|0x000000072f200000, 0x000000072f200000, 0x000000072f400000|  0%| F|  |TAMS 0x000000072f200000, 0x000000072f200000| Untracked 
| 110|0x000000072f400000, 0x000000072f552748, 0x000000072f600000| 66%| E|  |TAMS 0x000000072f400000, 0x000000072f400000| Complete 
| 111|0x000000072f600000, 0x000000072f800000, 0x000000072f800000|100%| E|CS|TAMS 0x000000072f600000, 0x000000072f600000| Complete 

Card table byte_map: [0x0000021fc4d30000,0x0000021fc5430000] _byte_map_base: 0x0000021fc1424000

Marking Bits (Prev, Next): (CMBitMap*) 0x0000021fb1c97740, (CMBitMap*) 0x0000021fb1c97780
 Prev Bits: [0x0000021fc5b30000, 0x0000021fc92d0000)
 Next Bits: [0x0000021fc92d0000, 0x0000021fcca70000)

Polling page: 0x0000021fafc20000

Metaspace:

Usage:
  Non-class:      6.65 MB used.
      Class:    664.51 KB used.
       Both:      7.30 MB used.

Virtual space:
  Non-class space:        8.00 MB reserved,       6.75 MB ( 84%) committed,  1 nodes.
      Class space:        1.00 GB reserved,     768.00 KB ( <1%) committed,  1 nodes.
             Both:        1.01 GB reserved,       7.50 MB ( <1%) committed. 

Chunk freelists:
   Non-Class:  988.00 KB
       Class:  3.24 MB
        Both:  4.21 MB

MaxMetaspaceSize: unlimited
CompressedClassSpaceSize: 1.00 GB
Initial GC threshold: 21.00 MB
Current GC threshold: 21.00 MB
CDS: off
MetaspaceReclaimPolicy: balanced
 - commit_granule_bytes: 65536.
 - commit_granule_words: 8192.
 - virtual_space_node_default_size: 1048576.
 - enlarge_chunks_in_place: 1.
 - new_chunks_are_fully_committed: 0.
 - uncommit_free_chunks: 1.
 - use_allocation_guard: 0.
 - handle_deallocations: 1.


Internal statistics:

num_allocs_failed_limit: 0.
num_arena_births: 12.
num_arena_deaths: 0.
num_vsnodes_births: 2.
num_vsnodes_deaths: 0.
num_space_committed: 120.
num_space_uncommitted: 0.
num_chunks_returned_to_freelist: 0.
num_chunks_taken_from_freelist: 33.
num_chunk_merges: 0.
num_chunk_splits: 13.
num_chunks_enlarged: 6.
num_purges: 0.
num_inconsistent_stats: 0.

CodeHeap 'non-profiled nmethods': size=120000Kb used=71Kb max_used=71Kb free=119928Kb
 bounds [0x0000021fbcdd0000, 0x0000021fbd040000, 0x0000021fc4300000]
CodeHeap 'profiled nmethods': size=120000Kb used=338Kb max_used=338Kb free=119661Kb
 bounds [0x0000021fb58a0000, 0x0000021fb5b10000, 0x0000021fbcdd0000]
CodeHeap 'non-nmethods': size=5760Kb used=1114Kb max_used=1128Kb free=4645Kb
 bounds [0x0000021fb5300000, 0x0000021fb5570000, 0x0000021fb58a0000]
 total_blobs=645 nmethods=252 adapters=306
 compilation: enabled
              stopped_count=0, restarted_count=0
 full_count=0

Compilation events (20 events):
Event: 0.266 Thread 0x0000021fd00429f0 nmethod 241 0x0000021fb58f0590 code [0x0000021fb58f0720, 0x0000021fb58f08d8]
Event: 0.266 Thread 0x0000021fd00429f0  242       3       java.lang.invoke.MethodType::checkPtypes (76 bytes)
Event: 0.267 Thread 0x0000021fd00429f0 nmethod 242 0x0000021fb58f0a10 code [0x0000021fb58f0c80, 0x0000021fb58f15e8]
Event: 0.267 Thread 0x0000021fd00429f0  246       3       java.util.regex.ASCII::isAscii (13 bytes)
Event: 0.267 Thread 0x0000021fd00429f0 nmethod 246 0x0000021fb58f1990 code [0x0000021fb58f1b20, 0x0000021fb58f1c78]
Event: 0.267 Thread 0x0000021fd00429f0  245       1       java.lang.invoke.MethodTypeForm::parameterSlotCount (5 bytes)
Event: 0.267 Thread 0x0000021fd00429f0 nmethod 245 0x0000021fbcde1390 code [0x0000021fbcde1520, 0x0000021fbcde15f8]
Event: 0.267 Thread 0x0000021fd00429f0  247       3       java.util.regex.Pattern::peek (26 bytes)
Event: 0.267 Thread 0x0000021fd00429f0 nmethod 247 0x0000021fb58f1d10 code [0x0000021fb58f1ec0, 0x0000021fb58f2128]
Event: 0.267 Thread 0x0000021fd00429f0  248       3       java.util.regex.Pattern::next (33 bytes)
Event: 0.267 Thread 0x0000021fd00349c0  250       4       java.lang.String::coder (15 bytes)
Event: 0.268 Thread 0x0000021fd00429f0 nmethod 248 0x0000021fb58f2290 code [0x0000021fb58f2440, 0x0000021fb58f26a8]
Event: 0.268 Thread 0x0000021fd00429f0  249       3       java.util.regex.Pattern::read (33 bytes)
Event: 0.268 Thread 0x0000021fd00429f0 nmethod 249 0x0000021fb58f2810 code [0x0000021fb58f29c0, 0x0000021fb58f2c28]
Event: 0.268 Thread 0x0000021fd00349c0 nmethod 250 0x0000021fbcde1690 code [0x0000021fbcde1800, 0x0000021fbcde1878]
Event: 2.035 Thread 0x0000021fd00429f0  251 % !   3       com.td.desafio.latam.CuentaRegresiva::main @ 93 (98 bytes)
Event: 2.036 Thread 0x0000021fd00429f0 nmethod 251% 0x0000021fb58f2d90 code [0x0000021fb58f3100, 0x0000021fb58f4408]
Event: 2.036 Thread 0x0000021fd00349c0  252 % !   4       com.td.desafio.latam.CuentaRegresiva::main @ 93 (98 bytes)
Event: 2.037 Thread 0x0000021fd00349c0 nmethod 252% 0x0000021fbcde1990 code [0x0000021fbcde1b00, 0x0000021fbcde1b98]
Event: 2.037 Thread 0x0000021fd00349c0  253   !   4       com.td.desafio.latam.CuentaRegresiva::main (98 bytes)

GC Heap History (0 events):
No events

Deoptimization events (6 events):
Event: 0.205 Thread 0x0000021fb1c4cd40 Uncommon trap: trap_request=0xffffff45 fr.pc=0x0000021fbcdd6a78 relative=0x0000000000000078
Event: 0.205 Thread 0x0000021fb1c4cd40 Uncommon trap: reason=unstable_if action=reinterpret pc=0x0000021fbcdd6a78 method=java.lang.String.isLatin1()Z @ 10 c2
Event: 0.205 Thread 0x0000021fb1c4cd40 DEOPT PACKING pc=0x0000021fbcdd6a78 sp=0x000000e23bbfeb10
Event: 0.205 Thread 0x0000021fb1c4cd40 DEOPT UNPACKING pc=0x0000021fb53523a3 sp=0x000000e23bbfea50 mode 2
Event: 2.037 Thread 0x0000021fb1c4cd40 DEOPT PACKING pc=0x0000021fb58f424d sp=0x000000e23bbfefc0
Event: 2.037 Thread 0x0000021fb1c4cd40 DEOPT UNPACKING pc=0x0000021fb5352b43 sp=0x000000e23bbfe500 mode 0

Classes unloaded (0 events):
No events

Classes redefined (0 events):
No events

Internal exceptions (1 events):
Event: 0.170 Thread 0x0000021fb1c4cd40 Exception <a 'java/lang/NoSuchMethodError'{0x000000072f71da90}: 'void java.lang.invoke.DirectMethodHandle$Holder.invokeVirtual(java.lang.Object, java.lang.Object)'> (0x000000072f71da90) 
thrown [e:\jenkins\tmp\workspace\build\src\src\hotspot\share\interpreter\linkResolver.cpp, line 766]

VM Operations (4 events):
Event: 0.191 Executing VM operation: HandshakeAllThreads
Event: 0.191 Executing VM operation: HandshakeAllThreads done
Event: 1.197 Executing VM operation: Cleanup
Event: 1.197 Executing VM operation: Cleanup done

Events (20 events):
Event: 0.263 loading class java/util/regex/Pattern$GroupTail
Event: 0.264 loading class java/util/regex/Pattern$GroupTail done
Event: 0.264 loading class java/util/regex/Pattern$Ques
Event: 0.264 loading class java/util/regex/Pattern$Ques done
Event: 0.265 loading class java/util/regex/Pattern$Curly
Event: 0.265 loading class java/util/regex/Pattern$Curly done
Event: 0.265 loading class java/util/regex/Pattern$BranchConn
Event: 0.265 loading class java/util/regex/Pattern$BranchConn done
Event: 0.265 loading class java/util/regex/Pattern$Branch
Event: 0.265 loading class java/util/regex/Pattern$Branch done
Event: 0.267 loading class java/util/regex/Pattern$GroupCurly
Event: 0.267 loading class java/util/regex/Pattern$GroupCurly done
Event: 2.034 loading class java/util/regex/Pattern$1
Event: 2.034 loading class java/util/regex/Pattern$1 done
Event: 2.034 loading class java/util/InputMismatchException
Event: 2.034 loading class java/util/NoSuchElementException
Event: 2.034 loading class java/util/NoSuchElementException done
Event: 2.034 loading class java/util/InputMismatchException done
Event: 2.034 loading class java/lang/NumberFormatException
Event: 2.034 loading class java/lang/NumberFormatException done


Dynamic libraries:
0x00007ff70c960000 - 0x00007ff70c96e000 	C:\Users\Romi\.p2\pool\plugins\org.eclipse.justj.openjdk.hotspot.jre.full.win32.x86_64_17.0.1.v20211116-1657\jre\bin\javaw.exe
0x00007fffebb90000 - 0x00007fffebd85000 	C:\Windows\SYSTEM32\ntdll.dll
0x00007fffeb770000 - 0x00007fffeb82e000 	C:\Windows\System32\KERNEL32.DLL
0x00007fffe9650000 - 0x00007fffe9918000 	C:\Windows\System32\KERNELBASE.dll
0x00007fffe9360000 - 0x00007fffe9460000 	C:\Windows\System32\ucrtbase.dll
0x00007fffe2ff0000 - 0x00007fffe3009000 	C:\Users\Romi\.p2\pool\plugins\org.eclipse.justj.openjdk.hotspot.jre.full.win32.x86_64_17.0.1.v20211116-1657\jre\bin\VCRUNTIME140.dll
0x00007fffddfe0000 - 0x00007fffddff8000 	C:\Users\Romi\.p2\pool\plugins\org.eclipse.justj.openjdk.hotspot.jre.full.win32.x86_64_17.0.1.v20211116-1657\jre\bin\jli.dll
0x00007fffeb590000 - 0x00007fffeb731000 	C:\Windows\System32\USER32.dll
0x00007fffce800000 - 0x00007fffcea9a000 	C:\Windows\WinSxS\amd64_microsoft.windows.common-controls_6595b64144ccf1df_6.0.19041.1110_none_60b5254171f9507e\COMCTL32.dll
0x00007fffe95c0000 - 0x00007fffe95e2000 	C:\Windows\System32\win32u.dll
0x00007fffea860000 - 0x00007fffea8fe000 	C:\Windows\System32\msvcrt.dll
0x00007fffeb740000 - 0x00007fffeb76b000 	C:\Windows\System32\GDI32.dll
0x00007fffe99b0000 - 0x00007fffe9abb000 	C:\Windows\System32\gdi32full.dll
0x00007fffe9b40000 - 0x00007fffe9bdd000 	C:\Windows\System32\msvcp_win.dll
0x00007fffeaca0000 - 0x00007fffeacd0000 	C:\Windows\System32\IMM32.DLL
0x00007fffe6ac0000 - 0x00007fffe6acc000 	C:\Users\Romi\.p2\pool\plugins\org.eclipse.justj.openjdk.hotspot.jre.full.win32.x86_64_17.0.1.v20211116-1657\jre\bin\vcruntime140_1.dll
0x00007fffc82f0000 - 0x00007fffc8381000 	C:\Users\Romi\.p2\pool\plugins\org.eclipse.justj.openjdk.hotspot.jre.full.win32.x86_64_17.0.1.v20211116-1657\jre\bin\msvcp140.dll
0x00007fff52990000 - 0x00007fff535d6000 	C:\Users\Romi\.p2\pool\plugins\org.eclipse.justj.openjdk.hotspot.jre.full.win32.x86_64_17.0.1.v20211116-1657\jre\bin\server\jvm.dll
0x00007fffeb180000 - 0x00007fffeb22c000 	C:\Windows\System32\ADVAPI32.dll
0x00007fffea060000 - 0x00007fffea0fb000 	C:\Windows\System32\sechost.dll
0x00007fffeaea0000 - 0x00007fffeafca000 	C:\Windows\System32\RPCRT4.dll
0x00007fffeb040000 - 0x00007fffeb048000 	C:\Windows\System32\PSAPI.DLL
0x00007fffdf1a0000 - 0x00007fffdf1c7000 	C:\Windows\SYSTEM32\WINMM.dll
0x00007fffd1e00000 - 0x00007fffd1e09000 	C:\Windows\SYSTEM32\WSOCK32.dll
0x00007fffe2a60000 - 0x00007fffe2a6a000 	C:\Windows\SYSTEM32\VERSION.dll
0x00007fffeac30000 - 0x00007fffeac9b000 	C:\Windows\System32\WS2_32.dll
0x00007fffe71d0000 - 0x00007fffe71e2000 	C:\Windows\SYSTEM32\kernel.appcore.dll
0x00007fffe4d90000 - 0x00007fffe4d9a000 	C:\Users\Romi\.p2\pool\plugins\org.eclipse.justj.openjdk.hotspot.jre.full.win32.x86_64_17.0.1.v20211116-1657\jre\bin\jimage.dll
0x00007fffe1a40000 - 0x00007fffe1c24000 	C:\Windows\SYSTEM32\DBGHELP.DLL
0x00007fffced70000 - 0x00007fffced9c000 	C:\Windows\SYSTEM32\dbgcore.DLL
0x00007fffe9920000 - 0x00007fffe99a3000 	C:\Windows\System32\bcryptPrimitives.dll
0x00007fffdf000000 - 0x00007fffdf025000 	C:\Users\Romi\.p2\pool\plugins\org.eclipse.justj.openjdk.hotspot.jre.full.win32.x86_64_17.0.1.v20211116-1657\jre\bin\java.dll
0x00007fffdea20000 - 0x00007fffdea38000 	C:\Users\Romi\.p2\pool\plugins\org.eclipse.justj.openjdk.hotspot.jre.full.win32.x86_64_17.0.1.v20211116-1657\jre\bin\zip.dll
0x00007fffea120000 - 0x00007fffea85f000 	C:\Windows\System32\SHELL32.dll
0x00007fffe73d0000 - 0x00007fffe7b60000 	C:\Windows\SYSTEM32\windows.storage.dll
0x00007fffeb230000 - 0x00007fffeb585000 	C:\Windows\System32\combase.dll
0x00007fffe8c30000 - 0x00007fffe8c5e000 	C:\Windows\SYSTEM32\Wldp.dll
0x00007fffeab20000 - 0x00007fffeabcd000 	C:\Windows\System32\SHCORE.dll
0x00007fffea900000 - 0x00007fffea955000 	C:\Windows\System32\shlwapi.dll
0x00007fffe91f0000 - 0x00007fffe920f000 	C:\Windows\SYSTEM32\profapi.dll
0x00007fffdca30000 - 0x00007fffdca49000 	C:\Users\Romi\.p2\pool\plugins\org.eclipse.justj.openjdk.hotspot.jre.full.win32.x86_64_17.0.1.v20211116-1657\jre\bin\net.dll
0x00007fffe0520000 - 0x00007fffe062c000 	C:\Windows\SYSTEM32\WINHTTP.dll
0x00007fffe8990000 - 0x00007fffe89fa000 	C:\Windows\system32\mswsock.dll
0x00007fffdc440000 - 0x00007fffdc455000 	C:\Users\Romi\.p2\pool\plugins\org.eclipse.justj.openjdk.hotspot.jre.full.win32.x86_64_17.0.1.v20211116-1657\jre\bin\nio.dll

dbghelp: loaded successfully - version: 4.0.5 - missing functions: none
symbol engine: initialized successfully - sym options: 0x614 - pdb path: .;C:\Users\Romi\.p2\pool\plugins\org.eclipse.justj.openjdk.hotspot.jre.full.win32.x86_64_17.0.1.v20211116-1657\jre\bin;C:\Windows\SYSTEM32;C:\Windows\WinSxS\amd64_microsoft.windows.common-controls_6595b64144ccf1df_6.0.19041.1110_none_60b5254171f9507e;C:\Users\Romi\.p2\pool\plugins\org.eclipse.justj.openjdk.hotspot.jre.full.win32.x86_64_17.0.1.v20211116-1657\jre\bin\server

VM Arguments:
jvm_args: -Dfile.encoding=Cp1252 --module-path=C:\FullStack_Java\WorkSpace\Primer_proyecto\bin -XX:+ShowCodeDetailsInExceptionMessages -Djdk.module.main=Primer_proyecto 
java_command: Primer_proyecto/com.td.desafio.latam.CuentaRegresiva
java_class_path (initial): <not set>
Launcher Type: SUN_STANDARD

[Global flags]
     intx CICompilerCount                          = 4                                         {product} {ergonomic}
     uint ConcGCThreads                            = 2                                         {product} {ergonomic}
     uint G1ConcRefinementThreads                  = 8                                         {product} {ergonomic}
   size_t G1HeapRegionSize                         = 2097152                                   {product} {ergonomic}
    uintx GCDrainStackTargetSize                   = 64                                        {product} {ergonomic}
   size_t InitialHeapSize                          = 234881024                                 {product} {ergonomic}
   size_t MarkStackSize                            = 4194304                                   {product} {ergonomic}
   size_t MaxHeapSize                              = 3732930560                                {product} {ergonomic}
   size_t MaxNewSize                               = 2239758336                                {product} {ergonomic}
   size_t MinHeapDeltaBytes                        = 2097152                                   {product} {ergonomic}
   size_t MinHeapSize                              = 8388608                                   {product} {ergonomic}
    uintx NonNMethodCodeHeapSize                   = 5839372                                {pd product} {ergonomic}
    uintx NonProfiledCodeHeapSize                  = 122909434                              {pd product} {ergonomic}
    uintx ProfiledCodeHeapSize                     = 122909434                              {pd product} {ergonomic}
    uintx ReservedCodeCacheSize                    = 251658240                              {pd product} {ergonomic}
     bool SegmentedCodeCache                       = true                                      {product} {ergonomic}
     bool ShowCodeDetailsInExceptionMessages       = true                                   {manageable} {command line}
   size_t SoftMaxHeapSize                          = 3732930560                             {manageable} {ergonomic}
     bool UseCompressedClassPointers               = true                           {product lp64_product} {ergonomic}
     bool UseCompressedOops                        = true                           {product lp64_product} {ergonomic}
     bool UseG1GC                                  = true                                      {product} {ergonomic}
     bool UseLargePagesIndividualAllocation        = false                                  {pd product} {ergonomic}

Logging:
Log output configuration:
 #0: stdout all=warning uptime,level,tags
 #1: stderr all=off uptime,level,tags

Environment Variables:
JAVA_HOME=C:\Program Files (x86)\Java\jre1.8.0_311
PATH=C:/Users/Romi/.p2/pool/plugins/org.eclipse.justj.openjdk.hotspot.jre.full.win32.x86_64_17.0.1.v20211116-1657/jre/bin/server;C:/Users/Romi/.p2/pool/plugins/org.eclipse.justj.openjdk.hotspot.jre.full.win32.x86_64_17.0.1.v20211116-1657/jre/bin;C:\Program Files\Common Files\Oracle\Java\javapath;C:\Program Files (x86)\Common Files\Oracle\Java\javapath;C:\Windows\system32;C:\Windows;C:\Windows\System32\Wbem;C:\Windows\System32\WindowsPowerShell\v1.0\;C:\Windows\System32\OpenSSH\;C:\Users\Romi\AppData\Local\Microsoft\WindowsApps;C:\Users\Romi\AppData\Local\atom\bin;C:\Users\Romi\AppData\Local\Programs\Microsoft VS Code\bin;C:\Program Files (x86)\Java\jre1.8.0_311\bin;;C:\Users\Romi\Desktop;
USERNAME=Romi
OS=Windows_NT
PROCESSOR_IDENTIFIER=AMD64 Family 23 Model 24 Stepping 1, AuthenticAMD



---------------  S Y S T E M  ---------------

OS:
 Windows 10 , 64 bit Build 19041 (10.0.19041.1348)
OS uptime: 21 days 17:52 hours

CPU: total 8 (initial active 8) (8 cores per cpu, 2 threads per core) family 23 model 24 stepping 1 microcode 0x0, cx8, cmov, fxsr, ht, mmx, 3dnowpref, sse, sse2, sse3, ssse3, sse4a, sse4.1, sse4.2, popcnt, lzcnt, tsc, tscinvbit, avx, avx2, aes, clmul, bmi1, bmi2, adx, sha, fma, vzeroupper, clflush, clflushopt

Memory: 4k page, system-wide physical 14235M (7165M free)
TotalPageFile size 16418M (AvailPageFile size 3604M)
current process WorkingSet (physical memory assigned to process): 39M, peak: 39M
current process commit charge ("private bytes"): 308M, peak: 308M

vm_info: OpenJDK 64-Bit Server VM (17.0.1+12) for windows-amd64 JRE (17.0.1+12), built on Oct 20 2021 07:42:55 by "" with MS VC++ 16.7 (VS2019)

END.
